<?xml version="1.0" encoding="UTF-8"?>
<testsuite xmlns:xsi="http://www.w3.org/2001/XMLSchema-instance" xsi:schemaLocation="https://maven.apache.org/surefire/maven-surefire-plugin/xsd/surefire-test-report.xsd" name="TestSuite" time="90.524" tests="1" errors="0" skipped="0" failures="1">
  <properties>
[...]
</properties>
  <testcase name="feature" classname="runner.RunCukes" time="88.267">
    <failure message="org.openqa.selenium.WebDriverException: unknown error: Element &lt;a title=&quot;Lookup using list&quot; class=&quot;btn btn-default sc-btn-default&quot; id=&quot;lookup.IO:01c77d49dbf00300a68fda11cf961954&quot; tabindex=&quot;-1&quot; onclick=&quot;mousePositionSave(event);reflistOpen( &apos;IO:01c77d49dbf00300a68fda11cf961954&apos;, &apos;not&apos;, gel(&apos;IO:01c77d49dbf00300a68fda11cf961954TABLE&apos;).value, &apos;&apos;, &apos;false&apos;, &apos;true&apos;, &apos;&apos;, &apos;&apos;)&quot; data-original-title=&quot;Lookup using list&quot;&gt;...&lt;/a&gt; is not clickable at point (597, 145). Other element would receive the click: &lt;label for=&quot;sys_readonly.cmdb_ci_spkg.version&quot; dir=&quot;ltr&quot; class=&quot; col-xs-4 control-label&quot; onclick=&quot;return labelClicked(this);&quot;&gt;...&lt;/label&gt;&#10;  (Session info: chrome=64.0.3282.186)&#10;  (Driver info: chromedriver=2.33.506120 (e3e53437346286c0bc2d2dc9aa4915ba81d9023f),platform=Windows NT 10.0.10586 x86_64) (WARNING: The server did not provide any stacktrace information)&#10;Command duration or timeout: 0 milliseconds&#10;Build info: version: &apos;3.8.1&apos;, revision: &apos;6e95a6684b&apos;, time: &apos;2017-12-01T18:33:54.468Z&apos;&#10;System info: host: &apos;DESKTOP-QQACKJ4&apos;, ip: &apos;192.168.10.249&apos;, os.name: &apos;Windows 10&apos;, os.arch: &apos;amd64&apos;, os.version: &apos;10.0&apos;, java.version: &apos;1.8.0_131&apos;&#10;Driver info: org.openqa.selenium.chrome.ChromeDriver&#10;Capabilities {acceptSslCerts: true, applicationCacheEnabled: false, browserConnectionEnabled: false, browserName: chrome, chrome: {chromedriverVersion: 2.33.506120 (e3e53437346286..., userDataDir: C:\Users\Maneesh\AppData\Lo...}, cssSelectorsEnabled: true, databaseEnabled: false, handlesAlerts: true, hasTouchScreen: false, javascriptEnabled: true, locationContextEnabled: true, mobileEmulationEnabled: false, nativeEvents: true, networkConnectionEnabled: false, pageLoadStrategy: normal, platform: XP, platformName: XP, rotatable: false, setWindowRect: true, takesHeapSnapshot: true, takesScreenshot: true, unexpectedAlertBehaviour: , unhandledPromptBehavior: , version: 64.0.3282.186, webStorageEnabled: true}&#10;Session ID: 4fa800322d6192f4f5ab261e69b8da05" type="cucumber.runtime.CucumberException"><![CDATA[cucumber.runtime.CucumberException: 
org.openqa.selenium.WebDriverException: unknown error: Element <a title="Lookup using list" class="btn btn-default sc-btn-default" id="lookup.IO:01c77d49dbf00300a68fda11cf961954" tabindex="-1" onclick="mousePositionSave(event);reflistOpen( 'IO:01c77d49dbf00300a68fda11cf961954', 'not', gel('IO:01c77d49dbf00300a68fda11cf961954TABLE').value, '', 'false', 'true', '', '')" data-original-title="Lookup using list">...</a> is not clickable at point (597, 145). Other element would receive the click: <label for="sys_readonly.cmdb_ci_spkg.version" dir="ltr" class=" col-xs-4 control-label" onclick="return labelClicked(this);">...</label>
  (Session info: chrome=64.0.3282.186)
  (Driver info: chromedriver=2.33.506120 (e3e53437346286c0bc2d2dc9aa4915ba81d9023f),platform=Windows NT 10.0.10586 x86_64) (WARNING: The server did not provide any stacktrace information)
Command duration or timeout: 0 milliseconds
Build info: version: '3.8.1', revision: '6e95a6684b', time: '2017-12-01T18:33:54.468Z'
System info: host: 'DESKTOP-QQACKJ4', ip: '192.168.10.249', os.name: 'Windows 10', os.arch: 'amd64', os.version: '10.0', java.version: '1.8.0_131'
Driver info: org.openqa.selenium.chrome.ChromeDriver
Capabilities {acceptSslCerts: true, applicationCacheEnabled: false, browserConnectionEnabled: false, browserName: chrome, chrome: {chromedriverVersion: 2.33.506120 (e3e53437346286..., userDataDir: C:\Users\Maneesh\AppData\Lo...}, cssSelectorsEnabled: true, databaseEnabled: false, handlesAlerts: true, hasTouchScreen: false, javascriptEnabled: true, locationContextEnabled: true, mobileEmulationEnabled: false, nativeEvents: true, networkConnectionEnabled: false, pageLoadStrategy: normal, platform: XP, platformName: XP, rotatable: false, setWindowRect: true, takesHeapSnapshot: true, takesScreenshot: true, unexpectedAlertBehaviour: , unhandledPromptBehavior: , version: 64.0.3282.186, webStorageEnabled: true}
Session ID: 4fa800322d6192f4f5ab261e69b8da05
Caused by: org.openqa.selenium.WebDriverException: 
unknown error: Element <a title="Lookup using list" class="btn btn-default sc-btn-default" id="lookup.IO:01c77d49dbf00300a68fda11cf961954" tabindex="-1" onclick="mousePositionSave(event);reflistOpen( 'IO:01c77d49dbf00300a68fda11cf961954', 'not', gel('IO:01c77d49dbf00300a68fda11cf961954TABLE').value, '', 'false', 'true', '', '')" data-original-title="Lookup using list">...</a> is not clickable at point (597, 145). Other element would receive the click: <label for="sys_readonly.cmdb_ci_spkg.version" dir="ltr" class=" col-xs-4 control-label" onclick="return labelClicked(this);">...</label>
  (Session info: chrome=64.0.3282.186)
  (Driver info: chromedriver=2.33.506120 (e3e53437346286c0bc2d2dc9aa4915ba81d9023f),platform=Windows NT 10.0.10586 x86_64) (WARNING: The server did not provide any stacktrace information)
Command duration or timeout: 0 milliseconds
Build info: version: '3.8.1', revision: '6e95a6684b', time: '2017-12-01T18:33:54.468Z'
System info: host: 'DESKTOP-QQACKJ4', ip: '192.168.10.249', os.name: 'Windows 10', os.arch: 'amd64', os.version: '10.0', java.version: '1.8.0_131'
Driver info: org.openqa.selenium.chrome.ChromeDriver
Capabilities {acceptSslCerts: true, applicationCacheEnabled: false, browserConnectionEnabled: false, browserName: chrome, chrome: {chromedriverVersion: 2.33.506120 (e3e53437346286..., userDataDir: C:\Users\Maneesh\AppData\Lo...}, cssSelectorsEnabled: true, databaseEnabled: false, handlesAlerts: true, hasTouchScreen: false, javascriptEnabled: true, locationContextEnabled: true, mobileEmulationEnabled: false, nativeEvents: true, networkConnectionEnabled: false, pageLoadStrategy: normal, platform: XP, platformName: XP, rotatable: false, setWindowRect: true, takesHeapSnapshot: true, takesScreenshot: true, unexpectedAlertBehaviour: , unhandledPromptBehavior: , version: 64.0.3282.186, webStorageEnabled: true}
Session ID: 4fa800322d6192f4f5ab261e69b8da05
]]></failure>
    <system-out><![CDATA[EndToEndDeployment
Chrome
https://dev21017.service-now.com
]]></system-out>
    <system-err><![CDATA[Starting ChromeDriver 2.33.506120 (e3e53437346286c0bc2d2dc9aa4915ba81d9023f) on port 11659
Only local connections are allowed.
Mar 15, 2018 1:11:01 PM org.openqa.selenium.remote.ProtocolHandshake createSession
INFO: Detected dialect: OSS
]]></system-err>
  </testcase>
</testsuite>