<?xml version="1.0" encoding="UTF-8"?>
<testng-results skipped="0" failed="0" total="1" passed="1">
  <reporter-output>
  </reporter-output>
  <suite name="Default suite" duration-ms="286469" started-at="2018-03-06T21:24:52Z" finished-at="2018-03-06T21:29:38Z">
    <groups>
      <group name="cucumber">
        <method signature="AbstractTestNGCucumberTests.feature(cucumber.api.testng.CucumberFeatureWrapper)[pri:0, instance:runner.RunCukes@627551fb]" name="feature" class="cucumber.api.testng.AbstractTestNGCucumberTests"/>
      </group> <!-- cucumber -->
    </groups>
    <test name="Default test" duration-ms="286469" started-at="2018-03-06T21:24:52Z" finished-at="2018-03-06T21:29:38Z">
      <class name="runner.RunCukes">
        <test-method status="PASS" signature="setUpClass()[pri:0, instance:runner.RunCukes@627551fb]" name="setUpClass" is-config="true" duration-ms="606" started-at="2018-03-06T15:24:52Z" finished-at="2018-03-06T15:24:53Z">
          <reporter-output>
          </reporter-output>
        </test-method> <!-- setUpClass -->
        <test-method status="PASS" signature="feature(cucumber.api.testng.CucumberFeatureWrapper)[pri:0, instance:runner.RunCukes@627551fb]" name="feature" duration-ms="284744" started-at="2018-03-06T15:24:53Z" description="Runs Cucumber Feature" data-provider="features" finished-at="2018-03-06T15:29:38Z">
          <params>
            <param index="0">
              <value>
                <![CDATA[CNet Global EndToEndDeployment Scenario]]>
              </value>
            </param>
          </params>
          <reporter-output>
          </reporter-output>
        </test-method> <!-- feature -->
        <test-method status="PASS" signature="writeExtentReport()[pri:0, instance:runner.RunCukes@627551fb]" name="writeExtentReport" is-config="true" duration-ms="216" started-at="2018-03-06T15:29:38Z" finished-at="2018-03-06T15:29:38Z">
          <reporter-output>
          </reporter-output>
        </test-method> <!-- writeExtentReport -->
        <test-method status="PASS" signature="tearDownClass()[pri:0, instance:runner.RunCukes@627551fb]" name="tearDownClass" is-config="true" duration-ms="664" started-at="2018-03-06T15:29:38Z" finished-at="2018-03-06T15:29:38Z">
          <reporter-output>
          </reporter-output>
        </test-method> <!-- tearDownClass -->
      </class> <!-- runner.RunCukes -->
    </test> <!-- Default test -->
  </suite> <!-- Default suite -->
</testng-results>
